<?xml version="1.0" encoding="UTF-8" ?>
<testsuite tests="9" failures="0" name="groupeseul.colTest" time="0.004" errors="0" skipped="0">
  <properties>
[...]
</properties>
  <testcase classname="groupeseul.colTest" name="testIsNumeric" time="0.004"/>
  <testcase classname="groupeseul.colTest" name="testEmptyConstructor" time="0"/>
  <testcase classname="groupeseul.colTest" name="testGetlabel" time="0"/>
  <testcase classname="groupeseul.colTest" name="testAdd" time="0"/>
  <testcase classname="groupeseul.colTest" name="testPresent" time="0"/>
  <testcase classname="groupeseul.colTest" name="testGetSize" time="0"/>
  <testcase classname="groupeseul.colTest" name="testGetType" time="0"/>
  <testcase classname="groupeseul.colTest" name="testGetValues" time="0"/>
  <testcase classname="groupeseul.colTest" name="testConstructor" time="0"/>
</testsuite>