<?xml version="1.0" encoding="UTF-8" ?>
<testsuite tests="21" failures="0" name="groupeseul.DataframeTest" time="0.232" errors="0" skipped="0">
  <properties>
[...]
</properties>
  <testcase classname="groupeseul.DataframeTest" name="testGetligne" time="0.044"/>
  <testcase classname="groupeseul.DataframeTest" name="testgetnbligne" time="0.003"/>
  <testcase classname="groupeseul.DataframeTest" name="testMin" time="0.003"/>
  <testcase classname="groupeseul.DataframeTest" name="testSum" time="0.003"/>
  <testcase classname="groupeseul.DataframeTest" name="testMean2" time="0.003"/>
  <testcase classname="groupeseul.DataframeTest" name="testHead" time="0.123"/>
  <testcase classname="groupeseul.DataframeTest" name="testMax2" time="0.002"/>
  <testcase classname="groupeseul.DataframeTest" name="testMean" time="0.001"/>
  <testcase classname="groupeseul.DataframeTest" name="testMin2" time="0.001"/>
  <testcase classname="groupeseul.DataframeTest" name="testSum2" time="0.003"/>
  <testcase classname="groupeseul.DataframeTest" name="testTail" time="0.005"/>
  <testcase classname="groupeseul.DataframeTest" name="testConstructor2" time="0.004"/>
  <testcase classname="groupeseul.DataframeTest" name="testConstructor3" time="0.003"/>
  <testcase classname="groupeseul.DataframeTest" name="testSelectionRow" time="0.002"/>
  <testcase classname="groupeseul.DataframeTest" name="testafficherdev2" time="0.002"/>
  <testcase classname="groupeseul.DataframeTest" name="testafficherdev3" time="0.001"/>
  <testcase classname="groupeseul.DataframeTest" name="testafficherdev" time="0.01"/>
  <testcase classname="groupeseul.DataframeTest" name="testafficher" time="0.01"/>
  <testcase classname="groupeseul.DataframeTest" name="testGetCol" time="0.004"/>
  <testcase classname="groupeseul.DataframeTest" name="testConstructorlistenull" time="0.003"/>
  <testcase classname="groupeseul.DataframeTest" name="testConstructor" time="0.002"/>
</testsuite>